<?xml version="1.0" encoding="UTF-8"?>
<!-- Generated by org.testng.reporters.JUnitReportReporter -->
<testsuite skipped="0" hostname="LAPTOP-IF9KORVJ" name="CheckStatus" tests="1" failures="0" timestamp="12 Oct 2019 22:53:01 GMT" time="4.314" errors="0">
  <testcase name="checkstatus" time="4.314" classname="CheckStatus"/>
</testsuite> <!-- CheckStatus -->
